INFO:root:Starting LinkedIn job scrape for "Werkstudent" in "berlin"...
INFO:root:Scrolling to bottom of page 1...
INFO:root:Show more button not found, retrying...
INFO:root:Scraped "Working Student" at Kuoni Tumlare in Berlin, Berlin, Germany...
INFO:root:Scraped "Internship (m/f/d)" at 25hours Hotels in Berlin, Berlin, Germany...
INFO:root:Scraped "Working Student" at Takjas in Berlin, Berlin, Germany...
INFO:root:Scraped "Internship (m/f/d)" at Accor in Berlin, Berlin, Germany...
INFO:root:Scraped "Werkstudent (w/m/d)" at Apleona Group in Berlin, Berlin, Germany...
INFO:root:Scraped "Internship - Technology M&A Analyst - Berlin - Q1 2025" at Clipperton in Berlin, Berlin, Germany...
INFO:root:Scraped "Werkstudent*in / Praktikant*in lngenieurwesen" at perto in Berlin, Berlin, Germany...
INFO:root:Scraped "Internship" at IEG - INVESTMENT BANKING GROUP in Berlin, Berlin, Germany...
INFO:root:Scraped "Initiativbewerbung Werkstudent (m/w/d)" at TotalEnergies in Berlin, Berlin, Germany...
INFO:root:Scraped "Investment Internship" at targetjobs Hired in Berlin, Berlin, Germany...
INFO:root:Scraped "Werkstudent Ingenieurwesen bei Berliner Energieeffizienz Startup (m/w/d)" at perto in Berlin, Berlin, Germany...
INFO:root:Scraped "Internship (m/f/d)" at Ennismore in Berlin, Berlin, Germany...
INFO:root:Scraped "Working Student - Restaurant Service NENI Berlin (m/f/d)" at 25hours Hotels in Berlin, Berlin, Germany...
INFO:root:Scraped "Working Student – Restaurant Service NENI Berlin (m/f/d)" at Ennismore in Berlin, Berlin, Germany...
INFO:root:Scraped "Initiativbewerbung Berlin" at JOBLINGE in Berlin, Berlin, Germany...
INFO:root:Scraped "Working Student - Footprinting" at Quantis in Berlin, Berlin, Germany...
INFO:root:Scraped "Working Student - Restaurant Service NENI Berlin (m/f/d)" at Accor in Berlin, Berlin, Germany...
INFO:root:Scraped "Werkstudent (m/w/d) - Finanzwesen (Berlin)" at marta in Berlin, Berlin, Germany...
INFO:root:Scraped "Werkstudent im E-Commerce (m/w/d)" at Carhartt WIP (Work In Progress) in Berlin, Berlin, Germany...
INFO:root:Scraped "Werkstudent - Sales Preprentative (m/f/d)" at Smith & Associates in Berlin, Berlin, Germany...
INFO:root:Scraped "Intern (m/f/d)" at E.CA Economics in Berlin, Berlin, Germany...
INFO:root:Scraped "Werkstudent*in Bauleitung" at ECOPLAN GmbH in Berlin, Berlin, Germany...
INFO:root:Scraped "Werkstudent Recruiting w/m/x - 20 EUR/h" at HeavenHR in Berlin, Berlin, Germany...
INFO:root:Scraped "Internship Program Spring 2025" at Jina AI in Berlin, Berlin, Germany...
INFO:root:Scraped "Internship, Geostratagy (Risk & Strategy), Berlin" at German Marshall Fund of the United States in Berlin, Germany...
INFO:root:Scraped "Working Student (f/m/d) - Product Management" at SAP in Berlin, Berlin, Germany...
INFO:root:Scraped "Initiativbewerbung Studierende Praktikum (all genders)" at Sanofi in Berlin, Berlin, Germany...
INFO:root:Scraped "Werkstudent (w/m/d) Architektur" at Drees & Sommer in Berlin, Berlin, Germany...
INFO:root:Scraped "Werkstudent/in im E-Commerce (m/w/d) (Berlin)" at felmo in Berlin, Berlin, Germany...
INFO:root:Scraped "Seasonal / Aushilfe / Werkstudent (m/w/d) - Berlin Kudamm" at Tiffany & Co. in Berlin, Berlin, Germany...
INFO:root:Scraped "Werkstudent Office 15-20 Stunden pro Woche (m/w/d)" at PIMA Health Group in Berlin, Berlin, Germany...
INFO:root:Scraped "Werkstudent Office 15-20 Stunden pro Woche (m/w/d)" at PIMA Health Group in Berlin, Berlin, Germany...
INFO:root:Scraped "WORKING STUDENT PROJECT DEVELOPMENT" at Iberdrola in Berlin, Berlin, Germany...
INFO:root:Scraped "Praktikant*in / Werkstudent*in in der Bauleitung" at OTTO WULFF in Berlin, Berlin, Germany...
INFO:root:Scraped "Werkstudent (all genders) | Finance" at Ray Sono in Berlin, Berlin, Germany...
INFO:root:Scraped "Werkstudent Berlin Hauptbahnhof (m/w/d) - Dein Job bei Søstrene Grene" at Sostrene Grene in Berlin, Berlin, Germany...
INFO:root:Scraped "2 positions Student assistant (m/f/d) 41 h/month limited to 2 years reference code: StudentRA_Reinsurance" at Freie Universität Berlin in Berlin, Berlin, Germany...
INFO:root:Scraped "Werkstudent Fördermittel-Datenbank" at M3E in Berlin, Berlin, Germany...
INFO:root:Scraped "Werkstudent Commercial Controlling (m/w/d)" at ARYZTA Deutschland in Berlin, Berlin, Germany...
INFO:root:Scraped "Internship/Minijob Growth (m/f/d)" at getquin in Berlin, Berlin, Germany...
INFO:root:Scraped "Werkstudent:in (m/w/d)" at Eurofins in Berlin, Berlin, Germany...
INFO:root:Scraped "Business Development Intern / Working Student (m/w/d)" at Project A in Berlin, Germany...
INFO:root:Scraped "Working Student Software Development E-Health  (x/d/w/m)" at Doc Cirrus in Berlin, Berlin, Germany...
INFO:root:Scraped "HR & Recruiting Werkstudent*in (m/w/d)" at Bling in Berlin, Berlin, Germany...
INFO:root:Scraped "Werkstudent (m/w/d) - Operations" at Kranus Health in Berlin, Berlin, Germany...
INFO:root:Scraped "Werkstudent BWL (m/w/d)" at Schrobsdorff Bau AG in Berlin, Berlin, Germany...
INFO:root:Scraped "Berlin: Werkstudent*in Eventlogistik" at Party.Rent in Berlin, Berlin, Germany...
INFO:root:Scraped "Initiativbewerbung: Praktikum / Werkstudent:in (m/w/d)" at trawa in Berlin, Berlin, Germany...
INFO:root:Scraped "Initiativbewerbung Ausbildungs- / Studienplätze sowie Praktika" at Möbel Höffner in Berlin, Berlin, Germany...
INFO:root:Scraped "Initiativbewerbung Ausbildungs- / Studienplätze sowie Praktika" at Möbel Höffner in Berlin, Berlin, Germany...
INFO:root:Scraped "Intern / Praktikant" at DNA. Art Club Berlin in Berlin, Germany...
INFO:root:Scraped "Werkstudent:in Finance(w/m/d)" at Your Showdown in Berlin, Berlin, Germany...
INFO:root:Scraped "Werkstudent:in - Logistik" at vly in Berlin, Berlin, Germany...
INFO:root:Scraped "Seasonal / Aushilfe / Werkstudent (m/w/d) - Berlin KaDeWe" at Tiffany & Co. in Berlin, Berlin, Germany...
INFO:root:Scraped "Empfangsmitarbeiter *in in Teilzeit (15 Std.)" at Johannesstift Diakonie in Berlin, Berlin, Germany...
INFO:root:Scraped "Werkstudent - Restaurant Service NENI Berlin (m/w/d)" at 25hours Hotels in Berlin, Berlin, Germany...
INFO:root:Scraped "Initiativbewerbung: Intern / Praktikant (m/w/d)" at NeoTaste in Berlin, Berlin, Germany...
INFO:root:Scraped "Werkstudent Showroom- und Officemanagement (m/w/d) in Berlin" at 1KOMMA5° in Berlin, Berlin, Germany...
INFO:root:Scraped "Strategic Projects - Intern (w/m/d)" at Enpal in Berlin, Berlin, Germany...
INFO:root:Scraped "Internship, Geostratagy (Risk & Strategy), Berlin" at German Marshall Fund of the United States in Berlin, Germany...
INFO:root:Scraped "Working Student (f/m/d) - Product Management" at SAP in Berlin, Berlin, Germany...
INFO:root:Scraped "Initiativbewerbung Studierende Praktikum (all genders)" at Sanofi in Berlin, Berlin, Germany...
INFO:root:Scraped "Werkstudent (w/m/d) Architektur" at Drees & Sommer in Berlin, Berlin, Germany...
INFO:root:Scraped "Werkstudent/in im E-Commerce (m/w/d) (Berlin)" at felmo in Berlin, Berlin, Germany...
INFO:root:Scraped "Seasonal / Aushilfe / Werkstudent (m/w/d) - Berlin Kudamm" at Tiffany & Co. in Berlin, Berlin, Germany...
INFO:root:Scraped "Werkstudent Office 15-20 Stunden pro Woche (m/w/d)" at PIMA Health Group in Berlin, Berlin, Germany...
INFO:root:Scraped "Werkstudent Office 15-20 Stunden pro Woche (m/w/d)" at PIMA Health Group in Berlin, Berlin, Germany...
INFO:root:Scraped "WORKING STUDENT PROJECT DEVELOPMENT" at Iberdrola in Berlin, Berlin, Germany...
INFO:root:Scraped "Praktikant*in / Werkstudent*in in der Bauleitung" at OTTO WULFF in Berlin, Berlin, Germany...
